1)git config --global user.name abdYbd
git config --global user.email elhan.bekky@gmail.com
git config --global init.defaultBranch main

2)apt update
apt install git gh

3)ssh-keygen -t ed25519 -f ~/.ssh/abdYbd
Generating public/private ed25519 key pair.
Enter passphrase (empty for no passphrase): 
Enter same passphrase again: 
Your identification has been saved in /root/.ssh/abdYbd
Your public key has been saved in /root/.ssh/abdYbd.pub
The key fingerprint is:
SHA256:Yt4/hpew0SKB6gnC2+JtUZIJA8wA1uSW/la/VHJkhEE root@eltex-practice2-pg1-v2
The key's randomart image is:
+--[ED25519 256]--+
|X.o.    .Eo.     |
|.=...    ..      |
|  o+o.     o     |
|  o+...   o      |
|.  oo ooSo o     |
|o....ooo= =      |
|.oo..o...O .     |
| o+o.   +.*      |
|..o.     +..     |
+----[SHA256]-----+

4)gh auth login
? What account do you want to log into? GitHub.com
? What is your preferred protocol for Git operations on this host? SSH
? Upload your SSH public key to your GitHub account? /root/.ssh/abdYbd.pub
? Title for your SSH key: eltex-practice2-pg1-v2
? How would you like to authenticate GitHub CLI? Login with a web browser

! First copy your one-time code: 2A29-43D5
Press Enter to open github.com in your browser... 
! Failed opening a web browser at https://github.com/login/device
  exec: "xdg-open,x-www-browser,www-browser,wslview": executable file not found in $PATH
  Please try entering the URL in your browser manually
✓ Authentication complete.
- gh config set -h github.com git_protocol ssh
✓ Configured git protocol
! Authentication credentials saved in plain text
✓ Uploaded the SSH key to your GitHub account: /root/.ssh/abdYbd.pub
✓ Logged in as abdYbd

5)gh auth setup-git --hostname github.com

6)gh auth status
github.com
  ✓ Logged in to github.com account abdYbd (/root/.config/gh/hosts.yml)
  - Active account: true
  - Git operations protocol: ssh
  - Token: gho_************************************
  - Token scopes: 'admin:public_key', 'gist', 'read:org', 'repo'

7)gh repo create --public eltex
✓ Created repository abdYbd/eltex on GitHub
  https://github.com/abdYbd/eltex

8)mkdir ~/eltex && cd ~/eltex
echo "Practice dor eltex" >> README.md
git init
Initialized empty Git repository in /root/eltex/.git/
git add README.md
git commit -m "first commit"
[main (root-commit) 47d7d93] first commit
 1 file changed, 1 insertion(+)
 create mode 100644 README.md
git branch -M main
git remote add origin https://github.com/abdYbd_github/eltex.git
git status
On branch main
nothing to commit, working tree clean

git push -u origin main
Enumerating objects: 3, done.
Counting objects: 100% (3/3), done.
Writing objects: 100% (3/3), 233 bytes | 233.00 KiB/s, done.
Total 3 (delta 0), reused 0 (delta 0), pack-reused 0
To https://github.com/abdYbd/eltex.git
 * [new branch]      main -> main
branch 'main' set up to track 'origin/main'.

scp ~/*.log root@172.16.9.176:~/eltex/module1/task1

git commit -m "second commit"
[main f62d67e] second commit
 3 files changed, 47 insertions(+)
 create mode 100644 module1/task1/eltex-pg1-v2_part.log
 create mode 100644 module1/task1/eltex-pg1-v2_part3.log
 create mode 100644 module1/task1/eltex-pg1-v2_part3_gt50M.log

git push
Enumerating objects: 8, done.
Counting objects: 100% (8/8), done.
Delta compression using up to 2 threads
Compressing objects: 100% (6/6), done.
Writing objects: 100% (7/7), 1.21 KiB | 1.21 MiB/s, done.
Total 7 (delta 0), reused 0 (delta 0), pack-reused 0
To https://github.com/abdYbd/eltex.git
   47d7d93..f62d67e  main -> main

9)mkdir ~/eltex_clone && cd ~/eltex_clone
git clone https://github.com/abdYbd/eltex.git .
Cloning into '.'...
remote: Enumerating objects: 10, done.
remote: Counting objects: 100% (10/10), done.
remote: Compressing objects: 100% (7/7), done.
remote: Total 10 (delta 0), reused 10 (delta 0), pack-reused 0 (from 0)
Receiving objects: 100% (10/10), done.

10)cd ~/eltex
echo "Для 11 пункта" >> changes.txt
git add changes.txt 
git commit -m "Добавлены изменения в репозиторий"
[main ccd974a] Добавлены изменения в репозиторий
 1 file changed, 1 insertion(+)
 create mode 100644 changes.txt
git push origin main
Enumerating objects: 4, done.
Counting objects: 100% (4/4), done.
Delta compression using up to 2 threads
Compressing objects: 100% (2/2), done.
Writing objects: 100% (3/3), 393 bytes | 393.00 KiB/s, done.
Total 3 (delta 0), reused 0 (delta 0), pack-reused 0
To https://github.com/abdYbd/eltex.git
   f62d67e..ccd974a  main -> main

cd ~/eltex_clone/
git fetch
remote: Enumerating objects: 4, done.
remote: Counting objects: 100% (4/4), done.
remote: Compressing objects: 100% (2/2), done.
remote: Total 3 (delta 0), reused 3 (delta 0), pack-reused 0 (from 0)
Unpacking objects: 100% (3/3), 373 bytes | 373.00 KiB/s, done.
From https://github.com/abdYbd/eltex
   f62d67e..ccd974a  main       -> origin/main

git log origin/main
commit ccd974ad3b1b771d6b65d327ced2b2402b865d61 (origin/main, origin/HEAD)
Author: abdYbd <elhan.bekky@gmail.com>
Date:   Tue Jul 15 00:32:17 2025 +0000

    Добавлены изменения в репозиторий

commit f62d67e4533b6e37ad6083d39e7c47983330e37e (HEAD -> main)
Author: abdYbd <elhan.bekky@gmail.com>
Date:   Mon Jul 14 19:43:21 2025 +0000

    second commit

commit 47d7d931d69d842826f3847d9601002c01d0535e
Author: abdYbd <elhan.bekky@gmail.com>
Date:   Mon Jul 14 18:48:57 2025 +0000

    first commit

it merge origin/main
Updating f62d67e..ccd974a
Fast-forward
 changes.txt | 1 +
 1 file changed, 1 insertion(+)
 create mode 100644 changes.txt
